\BOOKMARK [1][-]{section.1}{Introduction}{}% 1
\BOOKMARK [2][-]{subsection.1.1}{Release notes}{section.1}% 2
\BOOKMARK [3][-]{subsubsection.1.1.1}{Version 4.4 improvements}{subsection.1.1}% 3
\BOOKMARK [3][-]{subsubsection.1.1.2}{Version 4.5 bug fix}{subsection.1.1}% 4
\BOOKMARK [3][-]{subsubsection.1.1.3}{Version 4.6 improvements}{subsection.1.1}% 5
\BOOKMARK [3][-]{subsubsection.1.1.4}{Version 5.0 improvements}{subsection.1.1}% 6
\BOOKMARK [3][-]{subsubsection.1.1.5}{Version 5.1 improvements}{subsection.1.1}% 7
\BOOKMARK [3][-]{subsubsection.1.1.6}{Version 5.2 improvements}{subsection.1.1}% 8
\BOOKMARK [2][-]{subsection.1.2}{System requirements}{section.1}% 9
\BOOKMARK [3][-]{subsubsection.1.2.1}{GPU versions}{subsection.1.2}% 10
\BOOKMARK [3][-]{subsubsection.1.2.2}{CPU versions}{subsection.1.2}% 11
\BOOKMARK [1][-]{section.2}{Program input and output}{}% 12
\BOOKMARK [2][-]{subsection.2.1}{Input crystal file *.xtl}{section.2}% 13
\BOOKMARK [3][-]{subsubsection.2.1.1}{Important note}{subsection.2.1}% 14
\BOOKMARK [2][-]{subsection.2.2}{Program control file}{section.2}% 15
\BOOKMARK [2][-]{subsection.2.3}{Output}{section.2}% 16
\BOOKMARK [1][-]{section.3}{General details about operation of the program}{}% 17
\BOOKMARK [2][-]{subsection.3.1}{Choice of GPU device \(GPU versions\)}{section.3}% 18
\BOOKMARK [3][-]{subsubsection.3.1.1}{GPU memory usage}{subsection.3.1}% 19
\BOOKMARK [2][-]{subsection.3.2}{Output filename prefix}{section.3}% 20
\BOOKMARK [2][-]{subsection.3.3}{Specimen input}{section.3}% 21
\BOOKMARK [2][-]{subsection.3.4}{Specimen slicing and thickness }{section.3}% 22
\BOOKMARK [2][-]{subsection.3.5}{Potential calculation method}{section.3}% 23
\BOOKMARK [2][-]{subsection.3.6}{Choice of illumination}{section.3}% 24
\BOOKMARK [3][-]{subsubsection.3.6.1}{Lens aberrations and defocus series}{subsection.3.6}% 25
\BOOKMARK [3][-]{subsubsection.3.6.2}{Tilting the beam \(illumination\) and/or specimen}{subsection.3.6}% 26
\BOOKMARK [2][-]{subsection.3.7}{Thermal scattering model}{section.3}% 27
\BOOKMARK [3][-]{subsubsection.3.7.1}{Absorptive model}{subsection.3.7}% 28
\BOOKMARK [3][-]{subsubsection.3.7.2}{QEP model}{subsection.3.7}% 29
\BOOKMARK [2][-]{subsection.3.8}{Tiling and grid size}{section.3}% 30
\BOOKMARK [3][-]{subsubsection.3.8.1}{Unit cell tiling}{subsection.3.8}% 31
\BOOKMARK [3][-]{subsubsection.3.8.2}{Size of the grid}{subsection.3.8}% 32
\BOOKMARK [2][-]{subsection.3.9}{Saving and loading transmission functions}{section.3}% 33
\BOOKMARK [2][-]{subsection.3.10}{Remaining choices}{section.3}% 34
\BOOKMARK [1][-]{section.4}{Case studies}{}% 35
\BOOKMARK [2][-]{subsection.4.1}{Plane wave illumination with the absorptive model}{section.4}% 36
\BOOKMARK [2][-]{subsection.4.2}{Plane wave illumination with the QEP model}{section.4}% 37
\BOOKMARK [2][-]{subsection.4.3}{Convergent beam illumination with the absorptive model}{section.4}% 38
\BOOKMARK [3][-]{subsubsection.4.3.1}{CBED patterns}{subsection.4.3}% 39
\BOOKMARK [3][-]{subsubsection.4.3.2}{PACBED patterns}{subsection.4.3}% 40
\BOOKMARK [3][-]{subsubsection.4.3.3}{STEM images}{subsection.4.3}% 41
\BOOKMARK [3][-]{subsubsection.4.3.4}{STEM EELS images}{subsection.4.3}% 42
\BOOKMARK [3][-]{subsubsection.4.3.5}{STEM EDX images}{subsection.4.3}% 43
\BOOKMARK [2][-]{subsection.4.4}{Convergent beam illumination with the QEP model}{section.4}% 44
\BOOKMARK [1][-]{section*.29}{References}{}% 45
